[0.101s] DEBUG:colcon:Command line arguments: ['/usr/bin/colcon', 'list', '-p', '--base-paths', '/home/ambatron/Developer/ws_miraksa']
[0.101s] DEBUG:colcon:Parsed command line arguments: Namespace(log_base=None, log_level=None, verb_name='list', build_base='build', ignore_user_meta=False, metas=['./colcon.meta'], base_paths=['/home/ambatron/Developer/ws_miraksa'], packages_ignore=None, packages_ignore_regex=None, paths=None, packages_up_to=None, packages_up_to_regex=None, packages_above=None, packages_above_and_dependencies=None, packages_above_depth=None, packages_select_by_dep=None, packages_skip_by_dep=None, packages_skip_up_to=None, packages_select_build_failed=False, packages_skip_build_finished=False, packages_select_test_failures=False, packages_skip_test_passed=False, packages_select=None, packages_skip=None, packages_select_regex=None, packages_skip_regex=None, packages_start=None, packages_end=None, allow_overriding=[], topological_order=False, names_only=False, paths_only=True, topological_graph=False, topological_graph_dot=False, topological_graph_density=False, topological_graph_legend=False, topological_graph_dot_cluster=False, topological_graph_dot_include_skipped=False, mixin_files=None, mixin=None, verb_parser=<colcon_mixin.mixin.mixin_argument.MixinArgumentDecorator object at 0x7029a6268a00>, verb_extension=<colcon_package_information.verb.list.ListVerb object at 0x7029a6350a30>, main=<bound method ListVerb.main of <colcon_package_information.verb.list.ListVerb object at 0x7029a6350a30>>, mixin_verb=('list',))
[0.248s] Level 1:colcon.colcon_core.package_discovery:discover_packages(colcon_meta) check parameters
[0.248s] Level 1:colcon.colcon_core.package_discovery:discover_packages(recursive) check parameters
[0.248s] Level 1:colcon.colcon_core.package_discovery:discover_packages(ignore) check parameters
[0.248s] Level 1:colcon.colcon_core.package_discovery:discover_packages(path) check parameters
[0.248s] Level 1:colcon.colcon_core.package_discovery:discover_packages(recursive) discover
[0.248s] INFO:colcon.colcon_core.package_discovery:Crawling recursively for packages in '/home/ambatron/Developer/ws_miraksa'
[0.248s] Level 1:colcon.colcon_core.package_identification:_identify(/home/ambatron/Developer/ws_miraksa) by extensions ['ignore', 'ignore_ament_install']
[0.248s] Level 1:colcon.colcon_core.package_identification:_identify(/home/ambatron/Developer/ws_miraksa) by extension 'ignore'
[0.248s] Level 1:colcon.colcon_core.package_identification:_identify(/home/ambatron/Developer/ws_miraksa) by extension 'ignore_ament_install'
[0.248s] Level 1:colcon.colcon_core.package_identification:_identify(/home/ambatron/Developer/ws_miraksa) by extensions ['colcon_pkg']
[0.248s] Level 1:colcon.colcon_core.package_identification:_identify(/home/ambatron/Developer/ws_miraksa) by extension 'colcon_pkg'
[0.248s] Level 1:colcon.colcon_core.package_identification:_identify(/home/ambatron/Developer/ws_miraksa) by extensions ['colcon_meta']
[0.248s] Level 1:colcon.colcon_core.package_identification:_identify(/home/ambatron/Developer/ws_miraksa) by extension 'colcon_meta'
[0.248s] Level 1:colcon.colcon_core.package_identification:_identify(/home/ambatron/Developer/ws_miraksa) by extensions ['ros']
[0.248s] Level 1:colcon.colcon_core.package_identification:_identify(/home/ambatron/Developer/ws_miraksa) by extension 'ros'
[0.256s] Level 1:colcon.colcon_core.package_identification:_identify(/home/ambatron/Developer/ws_miraksa) by extensions ['cmake', 'python']
[0.256s] Level 1:colcon.colcon_core.package_identification:_identify(/home/ambatron/Developer/ws_miraksa) by extension 'cmake'
[0.256s] Level 1:colcon.colcon_core.package_identification:_identify(/home/ambatron/Developer/ws_miraksa) by extension 'python'
[0.256s] Level 1:colcon.colcon_core.package_identification:_identify(/home/ambatron/Developer/ws_miraksa) by extensions ['python_setup_py']
[0.256s] Level 1:colcon.colcon_core.package_identification:_identify(/home/ambatron/Developer/ws_miraksa) by extension 'python_setup_py'
[0.256s] Level 1:colcon.colcon_core.package_identification:_identify(/home/ambatron/Developer/ws_miraksa/build) by extensions ['ignore', 'ignore_ament_install']
[0.256s] Level 1:colcon.colcon_core.package_identification:_identify(/home/ambatron/Developer/ws_miraksa/build) by extension 'ignore'
[0.256s] Level 1:colcon.colcon_core.package_identification:_identify(/home/ambatron/Developer/ws_miraksa/build) ignored
[0.257s] Level 1:colcon.colcon_core.package_identification:_identify(/home/ambatron/Developer/ws_miraksa/install) by extensions ['ignore', 'ignore_ament_install']
[0.257s] Level 1:colcon.colcon_core.package_identification:_identify(/home/ambatron/Developer/ws_miraksa/install) by extension 'ignore'
[0.257s] Level 1:colcon.colcon_core.package_identification:_identify(/home/ambatron/Developer/ws_miraksa/install) ignored
[0.257s] Level 1:colcon.colcon_core.package_identification:_identify(/home/ambatron/Developer/ws_miraksa/log) by extensions ['ignore', 'ignore_ament_install']
[0.257s] Level 1:colcon.colcon_core.package_identification:_identify(/home/ambatron/Developer/ws_miraksa/log) by extension 'ignore'
[0.257s] Level 1:colcon.colcon_core.package_identification:_identify(/home/ambatron/Developer/ws_miraksa/log) ignored
[0.257s] Level 1:colcon.colcon_core.package_identification:_identify(/home/ambatron/Developer/ws_miraksa/src) by extensions ['ignore', 'ignore_ament_install']
[0.257s] Level 1:colcon.colcon_core.package_identification:_identify(/home/ambatron/Developer/ws_miraksa/src) by extension 'ignore'
[0.257s] Level 1:colcon.colcon_core.package_identification:_identify(/home/ambatron/Developer/ws_miraksa/src) by extension 'ignore_ament_install'
[0.257s] Level 1:colcon.colcon_core.package_identification:_identify(/home/ambatron/Developer/ws_miraksa/src) by extensions ['colcon_pkg']
[0.257s] Level 1:colcon.colcon_core.package_identification:_identify(/home/ambatron/Developer/ws_miraksa/src) by extension 'colcon_pkg'
[0.257s] Level 1:colcon.colcon_core.package_identification:_identify(/home/ambatron/Developer/ws_miraksa/src) by extensions ['colcon_meta']
[0.257s] Level 1:colcon.colcon_core.package_identification:_identify(/home/ambatron/Developer/ws_miraksa/src) by extension 'colcon_meta'
[0.257s] Level 1:colcon.colcon_core.package_identification:_identify(/home/ambatron/Developer/ws_miraksa/src) by extensions ['ros']
[0.257s] Level 1:colcon.colcon_core.package_identification:_identify(/home/ambatron/Developer/ws_miraksa/src) by extension 'ros'
[0.257s] Level 1:colcon.colcon_core.package_identification:_identify(/home/ambatron/Developer/ws_miraksa/src) by extensions ['cmake', 'python']
[0.257s] Level 1:colcon.colcon_core.package_identification:_identify(/home/ambatron/Developer/ws_miraksa/src) by extension 'cmake'
[0.257s] Level 1:colcon.colcon_core.package_identification:_identify(/home/ambatron/Developer/ws_miraksa/src) by extension 'python'
[0.257s] Level 1:colcon.colcon_core.package_identification:_identify(/home/ambatron/Developer/ws_miraksa/src) by extensions ['python_setup_py']
[0.257s] Level 1:colcon.colcon_core.package_identification:_identify(/home/ambatron/Developer/ws_miraksa/src) by extension 'python_setup_py'
[0.257s] Level 1:colcon.colcon_core.package_identification:_identify(/home/ambatron/Developer/ws_miraksa/src/mripat) by extensions ['ignore', 'ignore_ament_install']
[0.257s] Level 1:colcon.colcon_core.package_identification:_identify(/home/ambatron/Developer/ws_miraksa/src/mripat) by extension 'ignore'
[0.257s] Level 1:colcon.colcon_core.package_identification:_identify(/home/ambatron/Developer/ws_miraksa/src/mripat) by extension 'ignore_ament_install'
[0.257s] Level 1:colcon.colcon_core.package_identification:_identify(/home/ambatron/Developer/ws_miraksa/src/mripat) by extensions ['colcon_pkg']
[0.257s] Level 1:colcon.colcon_core.package_identification:_identify(/home/ambatron/Developer/ws_miraksa/src/mripat) by extension 'colcon_pkg'
[0.257s] Level 1:colcon.colcon_core.package_identification:_identify(/home/ambatron/Developer/ws_miraksa/src/mripat) by extensions ['colcon_meta']
[0.257s] Level 1:colcon.colcon_core.package_identification:_identify(/home/ambatron/Developer/ws_miraksa/src/mripat) by extension 'colcon_meta'
[0.257s] Level 1:colcon.colcon_core.package_identification:_identify(/home/ambatron/Developer/ws_miraksa/src/mripat) by extensions ['ros']
[0.257s] Level 1:colcon.colcon_core.package_identification:_identify(/home/ambatron/Developer/ws_miraksa/src/mripat) by extension 'ros'
[0.261s] DEBUG:colcon.colcon_core.package_identification:Package '/home/ambatron/Developer/ws_miraksa/src/mripat' with type 'ros.ament_python' and name 'mripat'
[0.261s] Level 1:colcon.colcon_core.package_discovery:discover_packages(recursive) using defaults
